MSVC environment: 
allusersprofile=C:\ProgramData
appdata=C:\Users\49860\AppData\Roaming
commandprompttype=Cross
commonprogramfiles=C:\Program Files\Common Files
commonprogramfiles(x86)=C:\Program Files (x86)\Common Files
commonprogramw6432=C:\Program Files\Common Files
computername=DESKTOP-KN0KNH9
comspec=C:\windows\system32\cmd.exe
conda_default_env=brain2
conda_prefix=D:\anada\newana\envs\brain2
conda_prompt_modifier=(brain2) 
conda_shlvl=1
cuda_path=C:\Program Files\NVIDIA GPU Computing Toolkit\CUDA\v10.2
cuda_path_v10_2=C:\Program Files\NVIDIA GPU Computing Toolkit\CUDA\v10.2
devenvdir=D:\vs\Community\Common7\IDE\
driverdata=C:\Windows\System32\Drivers\DriverData
extensionsdkdir=C:\Program Files (x86)\Microsoft SDKs\Windows Kits\10\ExtensionSDKs
external_include=D:\vs\Community\VC\Tools\MSVC\14.38.33130\include;D:\vs\Community\VC\Tools\MSVC\14.38.33130\ATLMFC\include;D:\vs\Community\VC\Auxiliary\VS\include;D:\Windows Kits\10\include\10.0.22621.0\ucrt;D:\Windows Kits\10\\include\10.0.22621.0\\um;D:\Windows Kits\10\\include\10.0.22621.0\\shared;D:\Windows Kits\10\\include\10.0.22621.0\\winrt;D:\Windows Kits\10\\include\10.0.22621.0\\cppwinrt;C:\Program Files (x86)\Windows Kits\NETFXSDK\4.8\include\um
fps_browser_app_profile_string=Internet Explorer
fps_browser_user_profile_string=Default
framework40version=v4.0
frameworkdir=C:\Windows\Microsoft.NET\Framework\
frameworkdir32=C:\Windows\Microsoft.NET\Framework\
frameworkdir64=C:\Windows\Microsoft.NET\Framework64\
frameworkversion=v4.0.30319
frameworkversion32=v4.0.30319
frameworkversion64=v4.0.30319
fsharpinstalldir=D:\vs\Community\Common7\IDE\CommonExtensions\Microsoft\FSharp\Tools
homedrive=C:
homepath=\Users\49860
idea_initial_directory=C:\Users\49860\Desktop
include=D:\vs\Community\VC\Tools\MSVC\14.38.33130\include;D:\vs\Community\VC\Tools\MSVC\14.38.33130\ATLMFC\include;D:\vs\Community\VC\Auxiliary\VS\include;D:\Windows Kits\10\include\10.0.22621.0\ucrt;D:\Windows Kits\10\\include\10.0.22621.0\\um;D:\Windows Kits\10\\include\10.0.22621.0\\shared;D:\Windows Kits\10\\include\10.0.22621.0\\winrt;D:\Windows Kits\10\\include\10.0.22621.0\\cppwinrt;C:\Program Files (x86)\Windows Kits\NETFXSDK\4.8\include\um
lib=D:\vs\Community\VC\Tools\MSVC\14.38.33130\ATLMFC\lib\x64;D:\vs\Community\VC\Tools\MSVC\14.38.33130\lib\x64;C:\Program Files (x86)\Windows Kits\NETFXSDK\4.8\lib\um\x64;D:\Windows Kits\10\lib\10.0.22621.0\ucrt\x64;D:\Windows Kits\10\\lib\10.0.22621.0\\um\x64
libpath=D:\vs\Community\VC\Tools\MSVC\14.38.33130\ATLMFC\lib\x64;D:\vs\Community\VC\Tools\MSVC\14.38.33130\lib\x64;D:\vs\Community\VC\Tools\MSVC\14.38.33130\lib\x86\store\references;D:\Windows Kits\10\UnionMetadata\10.0.22621.0;D:\Windows Kits\10\References\10.0.22621.0;C:\Windows\Microsoft.NET\Framework\v4.0.30319
localappdata=C:\Users\49860\AppData\Local
logonserver=\\DESKTOP-KN0KNH9
msmpi_benchmarks=C:\Program Files\Microsoft MPI\Benchmarks\
msmpi_bin=C:\Program Files\Microsoft MPI\Bin\
netfxsdkdir=C:\Program Files (x86)\Windows Kits\NETFXSDK\4.8\
nrfgostudiopath=C:\Program Files (x86)\Nordic Semiconductor\nRFgo Studio
number_of_processors=8
nvcudasamples10_2_root=C:\ProgramData\NVIDIA Corporation\CUDA Samples\v10.2
nvcudasamples_root=C:\ProgramData\NVIDIA Corporation\CUDA Samples\v10.2
onedrive=C:\Users\49860\OneDrive
onedriveconsumer=C:\Users\49860\OneDrive
onlineservices=Online Services
os=Windows_NT
